#
# A fatal error has been detected by the Java Runtime Environment:
#
#  EXCEPTION_ACCESS_VIOLATION (0xc0000005) at pc=0x00007ffa066391a6, pid=8984, tid=17052
#
# JRE version: OpenJDK Runtime Environment Temurin-17.0.2+8 (17.0.2+8) (build 17.0.2+8)
# Java VM: OpenJDK 64-Bit Server VM Temurin-17.0.2+8 (17.0.2+8, mixed mode, tiered, compressed oops, compressed class ptrs, g1 gc, windows-amd64)
# Problematic frame:
# V  [jvm.dll+0x3d91a6]
#
# No core dump will be written. Minidumps are not enabled by default on client versions of Windows
#
# If you would like to submit a bug report, please visit:
#   https://github.com/adoptium/adoptium-support/issues
#

---------------  S U M M A R Y ------------

Command Line: -Djava.library.path=C:\Users\Aleksa\eclipse-workspace\POOP2\src\projekat -Dfile.encoding=Cp1252 -XX:+ShowCodeDetailsInExceptionMessages projekat.GlavniProzor

Host: AMD Ryzen 5 3600 6-Core Processor              , 12 cores, 15G,  Windows 10 , 64 bit Build 19041 (10.0.19041.1706)
Time: Thu Jun 16 23:01:04 2022 Central Europe Daylight Time elapsed time: 24.065258 seconds (0d 0h 0m 24s)

---------------  T H R E A D  ---------------

Current thread (0x000001f9b4345590):  JavaThread "main" [_thread_in_vm, id=17052, stack(0x000000ae82600000,0x000000ae82700000)]

Stack: [0x000000ae82600000,0x000000ae82700000],  sp=0x000000ae826ff1d0,  free space=1020k
Native frames: (J=compiled Java code, j=interpreted, Vv=VM code, C=native code)
V  [jvm.dll+0x3d91a6]
C  [DllPOOP2.dll+0xadac]

Java frames: (J=compiled Java code, j=interpreted, Vv=VM code)
j  projekat.SysClass._averageWeightGroupedByOlGames(JJ)Ljava/util/HashMap;+0
j  projekat.SysClass.averageWeightGroupedByOlGames(Ljava/lang/String;Ljava/lang/Integer;Ljava/lang/String;Ljava/lang/String;)Ljava/util/HashMap;+16
j  projekat.GlavniProzor.populateWindow()V+750
j  projekat.GlavniProzor.<init>()V+5
j  projekat.GlavniProzor.main([Ljava/lang/String;)V+3
v  ~StubRoutines::call_stub

siginfo: EXCEPTION_ACCESS_VIOLATION (0xc0000005), reading address 0x0000000000000000


Register to memory mapping:

RIP=0x00007ffa066391a6 jvm.dll
RAX=0x000001f9d323d0c8 points into unknown readable memory: 0x00000007106a7b68 | 68 7b 6a 10 07 00 00 00
RBX=0x000001f9b4345590 is a thread
RCX=0x000001f9d323d0c8 points into unknown readable memory: 0x00000007106a7b68 | 68 7b 6a 10 07 00 00 00
RDX=0x00000007106a7b68 is an oop: java.util.HashMap 
{0x00000007106a7b68} - klass: 'java/util/HashMap'
 - ---- fields (total size 6 words):
 - transient 'keySet' 'Ljava/util/Set;' @12  NULL (0)
 - transient 'values' 'Ljava/util/Collection;' @16  NULL (0)
 - transient 'size' 'I' @20  0
 - transient 'modCount' 'I' @24  0
 - 'threshold' 'I' @28  0
 - final 'loadFactor' 'F' @32  0.000000
 - transient 'table' '[Ljava/util/HashMap$Node;' @36  NULL (0)
 - transient 'entrySet' 'Ljava/util/Set;' @40  NULL (0)
RSP=0x000000ae826ff1d0 is pointing into the stack for thread: 0x000001f9b4345590
RBP=0x000001f9b4345838 points into unknown readable memory: 0x00007ffa06d607d0 | d0 07 d6 06 fa 7f 00 00
RSI=0x000001f9b4345838 points into unknown readable memory: 0x00007ffa06d607d0 | d0 07 d6 06 fa 7f 00 00
RDI=0x000001f9d323d0c0 points into unknown readable memory: 0x0000000710a0a0c8 | c8 a0 a0 10 07 00 00 00
R8 =0x0000000000000048 is an unknown value
R9 =0x0000000000000002 is an unknown value
R10=0x0000000000000056 is an unknown value
R11=0x000000ae826ff040 is pointing into the stack for thread: 0x000001f9b4345590
R12=0x0 is NULL
R13=0x000001f9db904d90 is pointing into metadata
R14=0x0 is NULL
R15=0x000000ae826ff2d8 is pointing into the stack for thread: 0x000001f9b4345590


Registers:
RAX=0x000001f9d323d0c8, RBX=0x000001f9b4345590, RCX=0x000001f9d323d0c8, RDX=0x00000007106a7b68
RSP=0x000000ae826ff1d0, RBP=0x000001f9b4345838, RSI=0x000001f9b4345838, RDI=0x000001f9d323d0c0
R8 =0x0000000000000048, R9 =0x0000000000000002, R10=0x0000000000000056, R11=0x000000ae826ff040
R12=0x0000000000000000, R13=0x000001f9db904d90, R14=0x0000000000000000, R15=0x000000ae826ff2d8
RIP=0x00007ffa066391a6, EFLAGS=0x0000000000010206

Top of Stack: (sp=0x000000ae826ff1d0)
0x000000ae826ff1d0:   0000000000000000 000001f9b4345590
0x000000ae826ff1e0:   000001f9b4345838 000001f9b2230bf0
0x000000ae826ff1f0:   0000000710a5d828 000001f9b4345838
0x000000ae826ff200:   0000000710a5d828 000001f9d3293030
0x000000ae826ff210:   000070dd349b3c05 00007ffa06636fb3
0x000000ae826ff220:   000001f9b4345590 000001f9b4345e60
0x000000ae826ff230:   000001f900000453 00007ffa06bc7390
0x000000ae826ff240:   000001f9b4345838 00007ffa56d39bac
0x000000ae826ff250:   000001f9b4345590 00007ffa0663990d
0x000000ae826ff260:   00007ffa56d39b34 4071800000000000
0x000000ae826ff270:   000001f9b4345590 000000ae826ff430
0x000000ae826ff280:   0000000000000000 00007ffa56d2adac
0x000000ae826ff290:   000001f9d323d0c0 000000ae826ff3f8
0x000000ae826ff2a0:   000001f9b4345838 000001f9b7a095cd
0x000000ae826ff2b0:   000000ae826ff430 00007ffa56d2bde1
0x000000ae826ff2c0:   000001f9d323d0c0 000000ae826ff3f8 

Instructions: (pc=0x00007ffa066391a6)
0x00007ffa066390a6:   cc cc cc cc cc cc cc cc cc cc 48 89 5c 24 08 48
0x00007ffa066390b6:   89 6c 24 10 48 89 74 24 18 48 89 7c 24 20 41 54
0x00007ffa066390c6:   41 56 41 57 48 81 ec a0 00 00 00 8b 81 b8 00 00
0x00007ffa066390d6:   00 48 8d 99 58 fd ff ff 05 55 21 ff ff 45 33 e4
0x00007ffa066390e6:   4d 8b f9 4d 8b f0 48 8b fa 48 8b e9 83 f8 01 76
0x00007ffa066390f6:   0b 48 8b cb e8 51 6d 40 00 41 8b dc c7 83 38 03
0x00007ffa06639106:   00 00 05 00 00 00 e8 ef d7 28 00 48 8b 83 40 03
0x00007ffa06639116:   00 00 a8 01 74 0a b2 01 48 8b cb e8 2a ce 2f 00
0x00007ffa06639126:   44 39 a3 2c 03 00 00 75 0a 8b 83 28 03 00 00 a8
0x00007ffa06639136:   0c 74 0a 33 d2 48 8b cb e8 ed 94 40 00 c7 83 38
0x00007ffa06639146:   03 00 00 06 00 00 00 48 89 5c 24 50 4c 89 64 24
0x00007ffa06639156:   58 4c 39 63 08 74 0a 48 8d 4c 24 50 e8 09 6d 2c
0x00007ffa06639166:   00 40 f6 c7 01 74 0c 48 8d 4f ff ff 15 19 4d 72
0x00007ffa06639176:   00 eb 09 48 8b cf ff 15 9e ce 71 00 48 8b d3 48
0x00007ffa06639186:   8b c8 e8 e3 29 01 00 4c 39 63 08 74 05 49 8b f4
0x00007ffa06639196:   eb 79 45 33 c0 48 8b d0 48 8b cb e8 6a 05 03 00
0x00007ffa066391a6:   49 8b 16 48 8d 4c 24 70 48 8b f0 c7 44 24 40 0e
0x00007ffa066391b6:   00 00 00 e8 62 25 01 00 48 8d 44 24 70 48 89 5c
0x00007ffa066391c6:   24 30 48 89 44 24 28 48 8d 3d 64 e2 58 00 41 b9
0x00007ffa066391d6:   02 00 00 00 4c 89 74 24 20 4c 8b c6 48 89 7c 24
0x00007ffa066391e6:   70 48 8d 54 24 40 4c 89 bc 24 98 00 00 00 48 8b
0x00007ffa066391f6:   cd e8 44 36 01 00 4c 39 63 08 48 89 7c 24 70 49
0x00007ffa06639206:   0f 45 f4 4c 89 a4 24 98 00 00 00 4c 39 64 24 58
0x00007ffa06639216:   74 0a 48 8d 4c 24 50 e8 ee 6c 2c 00 48 8b bb e8
0x00007ffa06639226:   00 00 00 48 8b 47 10 4c 39 20 74 0c 48 8b cf e8
0x00007ffa06639236:   b6 13 f7 ff 48 8b 47 10 48 8b 4f 08 48 89 41 10
0x00007ffa06639246:   48 8b 57 08 48 8b 4f 18 48 89 4a 18 48 8b 57 08
0x00007ffa06639256:   48 8b 4f 20 48 89 4a 20 48 8d 8b 88 02 00 00 48
0x00007ffa06639266:   8b d3 e8 c3 02 ef ff 4c 8d 9c 24 a0 00 00 00 c7
0x00007ffa06639276:   83 38 03 00 00 04 00 00 00 49 8b 5b 20 48 8b c6
0x00007ffa06639286:   49 8b 6b 28 49 8b 73 30 49 8b 7b 38 49 8b e3 41
0x00007ffa06639296:   5f 41 5e 41 5c c3 cc cc cc cc 4c 89 44 24 18 4c 


Stack slot to memory mapping:
stack at sp + 0 slots: 0x0 is NULL
stack at sp + 1 slots: 0x000001f9b4345590 is a thread
stack at sp + 2 slots: 0x000001f9b4345838 points into unknown readable memory: 0x00007ffa06d607d0 | d0 07 d6 06 fa 7f 00 00
stack at sp + 3 slots: 0x000001f9b2230bf0 points into unknown readable memory: 0x000001f900000002 | 02 00 00 00 f9 01 00 00
stack at sp + 4 slots: 0x0000000710a5d828 is an oop: jdk.internal.loader.ClassLoaders$AppClassLoader 
{0x0000000710a5d828} - klass: 'jdk/internal/loader/ClassLoaders$AppClassLoader'
 - ---- fields (total size 13 words):
 - private 'defaultAssertionStatus' 'Z' @12  false
 - private final 'parent' 'Ljava/lang/ClassLoader;' @24  a 'jdk/internal/loader/ClassLoaders$PlatformClassLoader'{0x0000000710a5b8a0} (e214b714)
 - private final 'name' 'Ljava/lang/String;' @28  "app"{0x0000000710a5d890} (e214bb12)
 - private final 'unnamedModule' 'Ljava/lang/Module;' @32  a 'java/lang/Module'{0x0000000710a5d9e8} (e214bb3d)
 - private final 'nameAndId' 'Ljava/lang/String;' @36  "'app'"{0x0000000710a5dae8} (e214bb5d)
 - private final 'parallelLockMap' 'Ljava/util/concurrent/ConcurrentHashMap;' @40  a 'java/util/concurrent/ConcurrentHashMap'{0x0000000710a5da20} (e214bb44)
 - private final 'package2certs' 'Ljava/util/concurrent/ConcurrentHashMap;' @44  a 'java/util/concurrent/ConcurrentHashMap'{0x0000000710a5da70} (e214bb4e)
 - private final 'classes' 'Ljava/util/ArrayList;' @48  a 'java/util/ArrayList'{0x0000000710a5d8c0} (e214bb18)
 - private final 'defaultDomain' 'Ljava/security/ProtectionDomain;' @52  a 'java/security/ProtectionDomain'{0x0000000710a5d8d8} (e214bb1b)
 - private final 'packages' 'Ljava/util/concurrent/ConcurrentHashMap;' @56  a 'java/util/concurrent/ConcurrentHashMap'{0x0000000710a5d948} (e214bb29)
 - private final 'libraries' 'Ljdk/internal/loader/NativeLibraries;' @60  a 'jdk/internal/loader/NativeLibraries'{0x0000000710a5d988} (e214bb31)
 - final 'assertionLock' 'Ljava/lang/Object;' @64  a 'java/lang/Object'{0x0000000710a5da60} (e214bb4c)
 - private 'packageAssertionStatus' 'Ljava/util/Map;' @68  NULL (0)
 - 'classAssertionStatus' 'Ljava/util/Map;' @72  NULL (0)
 - private volatile 'classLoaderValueMap' 'Ljava/util/concurrent/ConcurrentHashMap;' @76  a 'java/util/concurrent/ConcurrentHashMap'{0x0000000710a5e068} (e214bc0d)
 - private final 'pdcache' 'Ljava/util/Map;' @80  a 'java/util/concurrent/ConcurrentHashMap'{0x0000000710a5db18} (e214bb63)
 - private final 'parent' 'Ljdk/internal/loader/BuiltinClassLoader;' @84  a 'jdk/internal/loader/ClassLoaders$PlatformClassLoader'{0x0000000710a5b8a0} (e214b714)
 - private synchronized 'ucp' 'Ljdk/internal/loader/URLClassPath;' @88  a 'jdk/internal/loader/URLClassPath'{0x0000000710a5c658} (e214b8cb)
 - private final 'nameToModule' 'Ljava/util/Map;' @92  a 'java/util/concurrent/ConcurrentHashMap'{0x0000000710a5db58} (e214bb6b)
 - private final 'moduleToReader' 'Ljava/util/Map;' @96  a 'java/util/concurrent/ConcurrentHashMap'{0x0000000710a5db98} (e214bb73)
 - private volatile 'resourceCache' 'Ljava/lang/ref/SoftReference;' @100  a 'java/lang/ref/SoftReference'{0x0000000710b850e8} (e2170a1d)
stack at sp + 5 slots: 0x000001f9b4345838 points into unknown readable memory: 0x00007ffa06d607d0 | d0 07 d6 06 fa 7f 00 00
stack at sp + 6 slots: 0x0000000710a5d828 is an oop: jdk.internal.loader.ClassLoaders$AppClassLoader 
{0x0000000710a5d828} - klass: 'jdk/internal/loader/ClassLoaders$AppClassLoader'
 - ---- fields (total size 13 words):
 - private 'defaultAssertionStatus' 'Z' @12  false
 - private final 'parent' 'Ljava/lang/ClassLoader;' @24  a 'jdk/internal/loader/ClassLoaders$PlatformClassLoader'{0x0000000710a5b8a0} (e214b714)
 - private final 'name' 'Ljava/lang/String;' @28  "app"{0x0000000710a5d890} (e214bb12)
 - private final 'unnamedModule' 'Ljava/lang/Module;' @32  a 'java/lang/Module'{0x0000000710a5d9e8} (e214bb3d)
 - private final 'nameAndId' 'Ljava/lang/String;' @36  "'app'"{0x0000000710a5dae8} (e214bb5d)
 - private final 'parallelLockMap' 'Ljava/util/concurrent/ConcurrentHashMap;' @40  a 'java/util/concurrent/ConcurrentHashMap'{0x0000000710a5da20} (e214bb44)
 - private final 'package2certs' 'Ljava/util/concurrent/ConcurrentHashMap;' @44  a 'java/util/concurrent/ConcurrentHashMap'{0x0000000710a5da70} (e214bb4e)
 - private final 'classes' 'Ljava/util/ArrayList;' @48  a 'java/util/ArrayList'{0x0000000710a5d8c0} (e214bb18)
 - private final 'defaultDomain' 'Ljava/security/ProtectionDomain;' @52  a 'java/security/ProtectionDomain'{0x0000000710a5d8d8} (e214bb1b)
 - private final 'packages' 'Ljava/util/concurrent/ConcurrentHashMap;' @56  a 'java/util/concurrent/ConcurrentHashMap'{0x0000000710a5d948} (e214bb29)
 - private final 'libraries' 'Ljdk/internal/loader/NativeLibraries;' @60  a 'jdk/internal/loader/NativeLibraries'{0x0000000710a5d988} (e214bb31)
 - final 'assertionLock' 'Ljava/lang/Object;' @64  a 'java/lang/Object'{0x0000000710a5da60} (e214bb4c)
 - private 'packageAssertionStatus' 'Ljava/util/Map;' @68  NULL (0)
 - 'classAssertionStatus' 'Ljava/util/Map;' @72  NULL (0)
 - private volatile 'classLoaderValueMap' 'Ljava/util/concurrent/ConcurrentHashMap;' @76  a 'java/util/concurrent/ConcurrentHashMap'{0x0000000710a5e068} (e214bc0d)
 - private final 'pdcache' 'Ljava/util/Map;' @80  a 'java/util/concurrent/ConcurrentHashMap'{0x0000000710a5db18} (e214bb63)
 - private final 'parent' 'Ljdk/internal/loader/BuiltinClassLoader;' @84  a 'jdk/internal/loader/ClassLoaders$PlatformClassLoader'{0x0000000710a5b8a0} (e214b714)
 - private synchronized 'ucp' 'Ljdk/internal/loader/URLClassPath;' @88  a 'jdk/internal/loader/URLClassPath'{0x0000000710a5c658} (e214b8cb)
 - private final 'nameToModule' 'Ljava/util/Map;' @92  a 'java/util/concurrent/ConcurrentHashMap'{0x0000000710a5db58} (e214bb6b)
 - private final 'moduleToReader' 'Ljava/util/Map;' @96  a 'java/util/concurrent/ConcurrentHashMap'{0x0000000710a5db98} (e214bb73)
 - private volatile 'resourceCache' 'Ljava/lang/ref/SoftReference;' @100  a 'java/lang/ref/SoftReference'{0x0000000710b850e8} (e2170a1d)
stack at sp + 7 slots: 0x000001f9d3293030 points into unknown readable memory: 0x616a0011ce4affff | ff ff 4a ce 11 00 6a 61


---------------  P R O C E S S  ---------------

Threads class SMR info:
_java_thread_list=0x000001f9dc27ea90, length=14, elements={
0x000001f9b4345590, 0x000001f9d33937f0, 0x000001f9d3c29db0, 0x000001f9d3c77cf0,
0x000001f9d3c9f3c0, 0x000001f9d3c796c0, 0x000001f9d3c934e0, 0x000001f9d3c981d0,
0x000001f9d3c98bc0, 0x000001f9d3cb8e80, 0x000001f9d3e17e30, 0x000001f9d3e1cd30,
0x000001f9d4335010, 0x000001f9d43360f0
}

Java Threads: ( => current thread )
=>0x000001f9b4345590 JavaThread "main" [_thread_in_vm, id=17052, stack(0x000000ae82600000,0x000000ae82700000)]
  0x000001f9d33937f0 JavaThread "Reference Handler" daemon [_thread_blocked, id=4156, stack(0x000000ae82d00000,0x000000ae82e00000)]
  0x000001f9d3c29db0 JavaThread "Finalizer" daemon [_thread_blocked, id=21000, stack(0x000000ae82e00000,0x000000ae82f00000)]
  0x000001f9d3c77cf0 JavaThread "Signal Dispatcher" daemon [_thread_blocked, id=20388, stack(0x000000ae82f00000,0x000000ae83000000)]
  0x000001f9d3c9f3c0 JavaThread "Attach Listener" daemon [_thread_blocked, id=12016, stack(0x000000ae83000000,0x000000ae83100000)]
  0x000001f9d3c796c0 JavaThread "Service Thread" daemon [_thread_blocked, id=10456, stack(0x000000ae83100000,0x000000ae83200000)]
  0x000001f9d3c934e0 JavaThread "Monitor Deflation Thread" daemon [_thread_blocked, id=5656, stack(0x000000ae83200000,0x000000ae83300000)]
  0x000001f9d3c981d0 JavaThread "C2 CompilerThread0" daemon [_thread_blocked, id=8796, stack(0x000000ae83300000,0x000000ae83400000)]
  0x000001f9d3c98bc0 JavaThread "C1 CompilerThread0" daemon [_thread_blocked, id=22468, stack(0x000000ae83400000,0x000000ae83500000)]
  0x000001f9d3cb8e80 JavaThread "Sweeper thread" daemon [_thread_blocked, id=10336, stack(0x000000ae83500000,0x000000ae83600000)]
  0x000001f9d3e17e30 JavaThread "Notification Thread" daemon [_thread_blocked, id=18348, stack(0x000000ae83600000,0x000000ae83700000)]
  0x000001f9d3e1cd30 JavaThread "Common-Cleaner" daemon [_thread_blocked, id=22320, stack(0x000000ae83800000,0x000000ae83900000)]
  0x000001f9d4335010 JavaThread "Java2D Disposer" daemon [_thread_blocked, id=18284, stack(0x000000ae83900000,0x000000ae83a00000)]
  0x000001f9d43360f0 JavaThread "AWT-Windows" daemon [_thread_in_native, id=16752, stack(0x000000ae83b00000,0x000000ae83c00000)]

Other Threads:
  0x000001f9d33930e0 VMThread "VM Thread" [stack: 0x000000ae82c00000,0x000000ae82d00000] [id=17592]
  0x000001f9b43f1810 WatcherThread [stack: 0x000000ae83700000,0x000000ae83800000] [id=13244]
  0x000001f9b4394650 GCTaskThread "GC Thread#0" [stack: 0x000000ae82700000,0x000000ae82800000] [id=10128]
  0x000001f9b43a8160 ConcurrentGCThread "G1 Main Marker" [stack: 0x000000ae82800000,0x000000ae82900000] [id=1124]
  0x000001f9b43a8b70 ConcurrentGCThread "G1 Conc#0" [stack: 0x000000ae82900000,0x000000ae82a00000] [id=22160]
  0x000001f9b441e7a0 ConcurrentGCThread "G1 Refine#0" [stack: 0x000000ae82a00000,0x000000ae82b00000] [id=2136]
  0x000001f9d322a620 ConcurrentGCThread "G1 Service" [stack: 0x000000ae82b00000,0x000000ae82c00000] [id=21588]

Threads with active compile tasks:

VM state: not at safepoint (normal execution)

VM Mutex/Monitor currently owned by a thread: None

Heap address: 0x0000000700c00000, size: 4084 MB, Compressed Oops mode: Zero based, Oop shift amount: 3

CDS archive(s) not mapped
Compressed class space mapped at: 0x0000000800000000-0x0000000840000000, reserved size: 1073741824
Narrow klass base: 0x0000000800000000, Narrow klass shift: 0, Narrow klass range: 0x40000000

GC Precious Log:
 CPUs: 12 total, 12 available
 Memory: 16332M
 Large Page Support: Disabled
 NUMA Support: Disabled
 Compressed Oops: Enabled (Zero based)
 Heap Region Size: 2M
 Heap Min Capacity: 8M
 Heap Initial Capacity: 256M
 Heap Max Capacity: 4084M
 Pre-touch: Disabled
 Parallel Workers: 10
 Concurrent Workers: 3
 Concurrent Refinement Workers: 10
 Periodic GC: Disabled

Heap:
 garbage-first heap   total 262144K, used 4096K [0x0000000700c00000, 0x0000000800000000)
  region size 2048K, 3 young (6144K), 0 survivors (0K)
 Metaspace       used 11183K, committed 11392K, reserved 1064960K
  class space    used 1141K, committed 1280K, reserved 1048576K

Heap Regions: E=young(eden), S=young(survivor), O=old, HS=humongous(starts), HC=humongous(continues), CS=collection set, F=free, OA=open archive, CA=closed archive, TAMS=top-at-mark-start (previous, next)
|   0|0x0000000700c00000, 0x0000000700c00000, 0x0000000700e00000|  0%| F|  |TAMS 0x0000000700c00000, 0x0000000700c00000| Untracked 
|   1|0x0000000700e00000, 0x0000000700e00000, 0x0000000701000000|  0%| F|  |TAMS 0x0000000700e00000, 0x0000000700e00000| Untracked 
|   2|0x0000000701000000, 0x0000000701000000, 0x0000000701200000|  0%| F|  |TAMS 0x0000000701000000, 0x0000000701000000| Untracked 
|   3|0x0000000701200000, 0x0000000701200000, 0x0000000701400000|  0%| F|  |TAMS 0x0000000701200000, 0x0000000701200000| Untracked 
|   4|0x0000000701400000, 0x0000000701400000, 0x0000000701600000|  0%| F|  |TAMS 0x0000000701400000, 0x0000000701400000| Untracked 
|   5|0x0000000701600000, 0x0000000701600000, 0x0000000701800000|  0%| F|  |TAMS 0x0000000701600000, 0x0000000701600000| Untracked 
|   6|0x0000000701800000, 0x0000000701800000, 0x0000000701a00000|  0%| F|  |TAMS 0x0000000701800000, 0x0000000701800000| Untracked 
|   7|0x0000000701a00000, 0x0000000701a00000, 0x0000000701c00000|  0%| F|  |TAMS 0x0000000701a00000, 0x0000000701a00000| Untracked 
|   8|0x0000000701c00000, 0x0000000701c00000, 0x0000000701e00000|  0%| F|  |TAMS 0x0000000701c00000, 0x0000000701c00000| Untracked 
|   9|0x0000000701e00000, 0x0000000701e00000, 0x0000000702000000|  0%| F|  |TAMS 0x0000000701e00000, 0x0000000701e00000| Untracked 
|  10|0x0000000702000000, 0x0000000702000000, 0x0000000702200000|  0%| F|  |TAMS 0x0000000702000000, 0x0000000702000000| Untracked 
|  11|0x0000000702200000, 0x0000000702200000, 0x0000000702400000|  0%| F|  |TAMS 0x0000000702200000, 0x0000000702200000| Untracked 
|  12|0x0000000702400000, 0x0000000702400000, 0x0000000702600000|  0%| F|  |TAMS 0x0000000702400000, 0x0000000702400000| Untracked 
|  13|0x0000000702600000, 0x0000000702600000, 0x0000000702800000|  0%| F|  |TAMS 0x0000000702600000, 0x0000000702600000| Untracked 
|  14|0x0000000702800000, 0x0000000702800000, 0x0000000702a00000|  0%| F|  |TAMS 0x0000000702800000, 0x0000000702800000| Untracked 
|  15|0x0000000702a00000, 0x0000000702a00000, 0x0000000702c00000|  0%| F|  |TAMS 0x0000000702a00000, 0x0000000702a00000| Untracked 
|  16|0x0000000702c00000, 0x0000000702c00000, 0x0000000702e00000|  0%| F|  |TAMS 0x0000000702c00000, 0x0000000702c00000| Untracked 
|  17|0x0000000702e00000, 0x0000000702e00000, 0x0000000703000000|  0%| F|  |TAMS 0x0000000702e00000, 0x0000000702e00000| Untracked 
|  18|0x0000000703000000, 0x0000000703000000, 0x0000000703200000|  0%| F|  |TAMS 0x0000000703000000, 0x0000000703000000| Untracked 
|  19|0x0000000703200000, 0x0000000703200000, 0x0000000703400000|  0%| F|  |TAMS 0x0000000703200000, 0x0000000703200000| Untracked 
|  20|0x0000000703400000, 0x0000000703400000, 0x0000000703600000|  0%| F|  |TAMS 0x0000000703400000, 0x0000000703400000| Untracked 
|  21|0x0000000703600000, 0x0000000703600000, 0x0000000703800000|  0%| F|  |TAMS 0x0000000703600000, 0x0000000703600000| Untracked 
|  22|0x0000000703800000, 0x0000000703800000, 0x0000000703a00000|  0%| F|  |TAMS 0x0000000703800000, 0x0000000703800000| Untracked 
|  23|0x0000000703a00000, 0x0000000703a00000, 0x0000000703c00000|  0%| F|  |TAMS 0x0000000703a00000, 0x0000000703a00000| Untracked 
|  24|0x0000000703c00000, 0x0000000703c00000, 0x0000000703e00000|  0%| F|  |TAMS 0x0000000703c00000, 0x0000000703c00000| Untracked 
|  25|0x0000000703e00000, 0x0000000703e00000, 0x0000000704000000|  0%| F|  |TAMS 0x0000000703e00000, 0x0000000703e00000| Untracked 
|  26|0x0000000704000000, 0x0000000704000000, 0x0000000704200000|  0%| F|  |TAMS 0x0000000704000000, 0x0000000704000000| Untracked 
|  27|0x0000000704200000, 0x0000000704200000, 0x0000000704400000|  0%| F|  |TAMS 0x0000000704200000, 0x0000000704200000| Untracked 
|  28|0x0000000704400000, 0x0000000704400000, 0x0000000704600000|  0%| F|  |TAMS 0x0000000704400000, 0x0000000704400000| Untracked 
|  29|0x0000000704600000, 0x0000000704600000, 0x0000000704800000|  0%| F|  |TAMS 0x0000000704600000, 0x0000000704600000| Untracked 
|  30|0x0000000704800000, 0x0000000704800000, 0x0000000704a00000|  0%| F|  |TAMS 0x0000000704800000, 0x0000000704800000| Untracked 
|  31|0x0000000704a00000, 0x0000000704a00000, 0x0000000704c00000|  0%| F|  |TAMS 0x0000000704a00000, 0x0000000704a00000| Untracked 
|  32|0x0000000704c00000, 0x0000000704c00000, 0x0000000704e00000|  0%| F|  |TAMS 0x0000000704c00000, 0x0000000704c00000| Untracked 
|  33|0x0000000704e00000, 0x0000000704e00000, 0x0000000705000000|  0%| F|  |TAMS 0x0000000704e00000, 0x0000000704e00000| Untracked 
|  34|0x0000000705000000, 0x0000000705000000, 0x0000000705200000|  0%| F|  |TAMS 0x0000000705000000, 0x0000000705000000| Untracked 
|  35|0x0000000705200000, 0x0000000705200000, 0x0000000705400000|  0%| F|  |TAMS 0x0000000705200000, 0x0000000705200000| Untracked 
|  36|0x0000000705400000, 0x0000000705400000, 0x0000000705600000|  0%| F|  |TAMS 0x0000000705400000, 0x0000000705400000| Untracked 
|  37|0x0000000705600000, 0x0000000705600000, 0x0000000705800000|  0%| F|  |TAMS 0x0000000705600000, 0x0000000705600000| Untracked 
|  38|0x0000000705800000, 0x0000000705800000, 0x0000000705a00000|  0%| F|  |TAMS 0x0000000705800000, 0x0000000705800000| Untracked 
|  39|0x0000000705a00000, 0x0000000705a00000, 0x0000000705c00000|  0%| F|  |TAMS 0x0000000705a00000, 0x0000000705a00000| Untracked 
|  40|0x0000000705c00000, 0x0000000705c00000, 0x0000000705e00000|  0%| F|  |TAMS 0x0000000705c00000, 0x0000000705c00000| Untracked 
|  41|0x0000000705e00000, 0x0000000705e00000, 0x0000000706000000|  0%| F|  |TAMS 0x0000000705e00000, 0x0000000705e00000| Untracked 
|  42|0x0000000706000000, 0x0000000706000000, 0x0000000706200000|  0%| F|  |TAMS 0x0000000706000000, 0x0000000706000000| Untracked 
|  43|0x0000000706200000, 0x0000000706200000, 0x0000000706400000|  0%| F|  |TAMS 0x0000000706200000, 0x0000000706200000| Untracked 
|  44|0x0000000706400000, 0x0000000706400000, 0x0000000706600000|  0%| F|  |TAMS 0x0000000706400000, 0x0000000706400000| Untracked 
|  45|0x0000000706600000, 0x0000000706600000, 0x0000000706800000|  0%| F|  |TAMS 0x0000000706600000, 0x0000000706600000| Untracked 
|  46|0x0000000706800000, 0x0000000706800000, 0x0000000706a00000|  0%| F|  |TAMS 0x0000000706800000, 0x0000000706800000| Untracked 
|  47|0x0000000706a00000, 0x0000000706a00000, 0x0000000706c00000|  0%| F|  |TAMS 0x0000000706a00000, 0x0000000706a00000| Untracked 
|  48|0x0000000706c00000, 0x0000000706c00000, 0x0000000706e00000|  0%| F|  |TAMS 0x0000000706c00000, 0x0000000706c00000| Untracked 
|  49|0x0000000706e00000, 0x0000000706e00000, 0x0000000707000000|  0%| F|  |TAMS 0x0000000706e00000, 0x0000000706e00000| Untracked 
|  50|0x0000000707000000, 0x0000000707000000, 0x0000000707200000|  0%| F|  |TAMS 0x0000000707000000, 0x0000000707000000| Untracked 
|  51|0x0000000707200000, 0x0000000707200000, 0x0000000707400000|  0%| F|  |TAMS 0x0000000707200000, 0x0000000707200000| Untracked 
|  52|0x0000000707400000, 0x0000000707400000, 0x0000000707600000|  0%| F|  |TAMS 0x0000000707400000, 0x0000000707400000| Untracked 
|  53|0x0000000707600000, 0x0000000707600000, 0x0000000707800000|  0%| F|  |TAMS 0x0000000707600000, 0x0000000707600000| Untracked 
|  54|0x0000000707800000, 0x0000000707800000, 0x0000000707a00000|  0%| F|  |TAMS 0x0000000707800000, 0x0000000707800000| Untracked 
|  55|0x0000000707a00000, 0x0000000707a00000, 0x0000000707c00000|  0%| F|  |TAMS 0x0000000707a00000, 0x0000000707a00000| Untracked 
|  56|0x0000000707c00000, 0x0000000707c00000, 0x0000000707e00000|  0%| F|  |TAMS 0x0000000707c00000, 0x0000000707c00000| Untracked 
|  57|0x0000000707e00000, 0x0000000707e00000, 0x0000000708000000|  0%| F|  |TAMS 0x0000000707e00000, 0x0000000707e00000| Untracked 
|  58|0x0000000708000000, 0x0000000708000000, 0x0000000708200000|  0%| F|  |TAMS 0x0000000708000000, 0x0000000708000000| Untracked 
|  59|0x0000000708200000, 0x0000000708200000, 0x0000000708400000|  0%| F|  |TAMS 0x0000000708200000, 0x0000000708200000| Untracked 
|  60|0x0000000708400000, 0x0000000708400000, 0x0000000708600000|  0%| F|  |TAMS 0x0000000708400000, 0x0000000708400000| Untracked 
|  61|0x0000000708600000, 0x0000000708600000, 0x0000000708800000|  0%| F|  |TAMS 0x0000000708600000, 0x0000000708600000| Untracked 
|  62|0x0000000708800000, 0x0000000708800000, 0x0000000708a00000|  0%| F|  |TAMS 0x0000000708800000, 0x0000000708800000| Untracked 
|  63|0x0000000708a00000, 0x0000000708a00000, 0x0000000708c00000|  0%| F|  |TAMS 0x0000000708a00000, 0x0000000708a00000| Untracked 
|  64|0x0000000708c00000, 0x0000000708c00000, 0x0000000708e00000|  0%| F|  |TAMS 0x0000000708c00000, 0x0000000708c00000| Untracked 
|  65|0x0000000708e00000, 0x0000000708e00000, 0x0000000709000000|  0%| F|  |TAMS 0x0000000708e00000, 0x0000000708e00000| Untracked 
|  66|0x0000000709000000, 0x0000000709000000, 0x0000000709200000|  0%| F|  |TAMS 0x0000000709000000, 0x0000000709000000| Untracked 
|  67|0x0000000709200000, 0x0000000709200000, 0x0000000709400000|  0%| F|  |TAMS 0x0000000709200000, 0x0000000709200000| Untracked 
|  68|0x0000000709400000, 0x0000000709400000, 0x0000000709600000|  0%| F|  |TAMS 0x0000000709400000, 0x0000000709400000| Untracked 
|  69|0x0000000709600000, 0x0000000709600000, 0x0000000709800000|  0%| F|  |TAMS 0x0000000709600000, 0x0000000709600000| Untracked 
|  70|0x0000000709800000, 0x0000000709800000, 0x0000000709a00000|  0%| F|  |TAMS 0x0000000709800000, 0x0000000709800000| Untracked 
|  71|0x0000000709a00000, 0x0000000709a00000, 0x0000000709c00000|  0%| F|  |TAMS 0x0000000709a00000, 0x0000000709a00000| Untracked 
|  72|0x0000000709c00000, 0x0000000709c00000, 0x0000000709e00000|  0%| F|  |TAMS 0x0000000709c00000, 0x0000000709c00000| Untracked 
|  73|0x0000000709e00000, 0x0000000709e00000, 0x000000070a000000|  0%| F|  |TAMS 0x0000000709e00000, 0x0000000709e00000| Untracked 
|  74|0x000000070a000000, 0x000000070a000000, 0x000000070a200000|  0%| F|  |TAMS 0x000000070a000000, 0x000000070a000000| Untracked 
|  75|0x000000070a200000, 0x000000070a200000, 0x000000070a400000|  0%| F|  |TAMS 0x000000070a200000, 0x000000070a200000| Untracked 
|  76|0x000000070a400000, 0x000000070a400000, 0x000000070a600000|  0%| F|  |TAMS 0x000000070a400000, 0x000000070a400000| Untracked 
|  77|0x000000070a600000, 0x000000070a600000, 0x000000070a800000|  0%| F|  |TAMS 0x000000070a600000, 0x000000070a600000| Untracked 
|  78|0x000000070a800000, 0x000000070a800000, 0x000000070aa00000|  0%| F|  |TAMS 0x000000070a800000, 0x000000070a800000| Untracked 
|  79|0x000000070aa00000, 0x000000070aa00000, 0x000000070ac00000|  0%| F|  |TAMS 0x000000070aa00000, 0x000000070aa00000| Untracked 
|  80|0x000000070ac00000, 0x000000070ac00000, 0x000000070ae00000|  0%| F|  |TAMS 0x000000070ac00000, 0x000000070ac00000| Untracked 
|  81|0x000000070ae00000, 0x000000070ae00000, 0x000000070b000000|  0%| F|  |TAMS 0x000000070ae00000, 0x000000070ae00000| Untracked 
|  82|0x000000070b000000, 0x000000070b000000, 0x000000070b200000|  0%| F|  |TAMS 0x000000070b000000, 0x000000070b000000| Untracked 
|  83|0x000000070b200000, 0x000000070b200000, 0x000000070b400000|  0%| F|  |TAMS 0x000000070b200000, 0x000000070b200000| Untracked 
|  84|0x000000070b400000, 0x000000070b400000, 0x000000070b600000|  0%| F|  |TAMS 0x000000070b400000, 0x000000070b400000| Untracked 
|  85|0x000000070b600000, 0x000000070b600000, 0x000000070b800000|  0%| F|  |TAMS 0x000000070b600000, 0x000000070b600000| Untracked 
|  86|0x000000070b800000, 0x000000070b800000, 0x000000070ba00000|  0%| F|  |TAMS 0x000000070b800000, 0x000000070b800000| Untracked 
|  87|0x000000070ba00000, 0x000000070ba00000, 0x000000070bc00000|  0%| F|  |TAMS 0x000000070ba00000, 0x000000070ba00000| Untracked 
|  88|0x000000070bc00000, 0x000000070bc00000, 0x000000070be00000|  0%| F|  |TAMS 0x000000070bc00000, 0x000000070bc00000| Untracked 
|  89|0x000000070be00000, 0x000000070be00000, 0x000000070c000000|  0%| F|  |TAMS 0x000000070be00000, 0x000000070be00000| Untracked 
|  90|0x000000070c000000, 0x000000070c000000, 0x000000070c200000|  0%| F|  |TAMS 0x000000070c000000, 0x000000070c000000| Untracked 
|  91|0x000000070c200000, 0x000000070c200000, 0x000000070c400000|  0%| F|  |TAMS 0x000000070c200000, 0x000000070c200000| Untracked 
|  92|0x000000070c400000, 0x000000070c400000, 0x000000070c600000|  0%| F|  |TAMS 0x000000070c400000, 0x000000070c400000| Untracked 
|  93|0x000000070c600000, 0x000000070c600000, 0x000000070c800000|  0%| F|  |TAMS 0x000000070c600000, 0x000000070c600000| Untracked 
|  94|0x000000070c800000, 0x000000070c800000, 0x000000070ca00000|  0%| F|  |TAMS 0x000000070c800000, 0x000000070c800000| Untracked 
|  95|0x000000070ca00000, 0x000000070ca00000, 0x000000070cc00000|  0%| F|  |TAMS 0x000000070ca00000, 0x000000070ca00000| Untracked 
|  96|0x000000070cc00000, 0x000000070cc00000, 0x000000070ce00000|  0%| F|  |TAMS 0x000000070cc00000, 0x000000070cc00000| Untracked 
|  97|0x000000070ce00000, 0x000000070ce00000, 0x000000070d000000|  0%| F|  |TAMS 0x000000070ce00000, 0x000000070ce00000| Untracked 
|  98|0x000000070d000000, 0x000000070d000000, 0x000000070d200000|  0%| F|  |TAMS 0x000000070d000000, 0x000000070d000000| Untracked 
|  99|0x000000070d200000, 0x000000070d200000, 0x000000070d400000|  0%| F|  |TAMS 0x000000070d200000, 0x000000070d200000| Untracked 
| 100|0x000000070d400000, 0x000000070d400000, 0x000000070d600000|  0%| F|  |TAMS 0x000000070d400000, 0x000000070d400000| Untracked 
| 101|0x000000070d600000, 0x000000070d600000, 0x000000070d800000|  0%| F|  |TAMS 0x000000070d600000, 0x000000070d600000| Untracked 
| 102|0x000000070d800000, 0x000000070d800000, 0x000000070da00000|  0%| F|  |TAMS 0x000000070d800000, 0x000000070d800000| Untracked 
| 103|0x000000070da00000, 0x000000070da00000, 0x000000070dc00000|  0%| F|  |TAMS 0x000000070da00000, 0x000000070da00000| Untracked 
| 104|0x000000070dc00000, 0x000000070dc00000, 0x000000070de00000|  0%| F|  |TAMS 0x000000070dc00000, 0x000000070dc00000| Untracked 
| 105|0x000000070de00000, 0x000000070de00000, 0x000000070e000000|  0%| F|  |TAMS 0x000000070de00000, 0x000000070de00000| Untracked 
| 106|0x000000070e000000, 0x000000070e000000, 0x000000070e200000|  0%| F|  |TAMS 0x000000070e000000, 0x000000070e000000| Untracked 
| 107|0x000000070e200000, 0x000000070e200000, 0x000000070e400000|  0%| F|  |TAMS 0x000000070e200000, 0x000000070e200000| Untracked 
| 108|0x000000070e400000, 0x000000070e400000, 0x000000070e600000|  0%| F|  |TAMS 0x000000070e400000, 0x000000070e400000| Untracked 
| 109|0x000000070e600000, 0x000000070e600000, 0x000000070e800000|  0%| F|  |TAMS 0x000000070e600000, 0x000000070e600000| Untracked 
| 110|0x000000070e800000, 0x000000070e800000, 0x000000070ea00000|  0%| F|  |TAMS 0x000000070e800000, 0x000000070e800000| Untracked 
| 111|0x000000070ea00000, 0x000000070ea00000, 0x000000070ec00000|  0%| F|  |TAMS 0x000000070ea00000, 0x000000070ea00000| Untracked 
| 112|0x000000070ec00000, 0x000000070ec00000, 0x000000070ee00000|  0%| F|  |TAMS 0x000000070ec00000, 0x000000070ec00000| Untracked 
| 113|0x000000070ee00000, 0x000000070ee00000, 0x000000070f000000|  0%| F|  |TAMS 0x000000070ee00000, 0x000000070ee00000| Untracked 
| 114|0x000000070f000000, 0x000000070f000000, 0x000000070f200000|  0%| F|  |TAMS 0x000000070f000000, 0x000000070f000000| Untracked 
| 115|0x000000070f200000, 0x000000070f200000, 0x000000070f400000|  0%| F|  |TAMS 0x000000070f200000, 0x000000070f200000| Untracked 
| 116|0x000000070f400000, 0x000000070f400000, 0x000000070f600000|  0%| F|  |TAMS 0x000000070f400000, 0x000000070f400000| Untracked 
| 117|0x000000070f600000, 0x000000070f600000, 0x000000070f800000|  0%| F|  |TAMS 0x000000070f600000, 0x000000070f600000| Untracked 
| 118|0x000000070f800000, 0x000000070f800000, 0x000000070fa00000|  0%| F|  |TAMS 0x000000070f800000, 0x000000070f800000| Untracked 
| 119|0x000000070fa00000, 0x000000070fa00000, 0x000000070fc00000|  0%| F|  |TAMS 0x000000070fa00000, 0x000000070fa00000| Untracked 
| 120|0x000000070fc00000, 0x000000070fc00000, 0x000000070fe00000|  0%| F|  |TAMS 0x000000070fc00000, 0x000000070fc00000| Untracked 
| 121|0x000000070fe00000, 0x000000070fe00000, 0x0000000710000000|  0%| F|  |TAMS 0x000000070fe00000, 0x000000070fe00000| Untracked 
| 122|0x0000000710000000, 0x0000000710000000, 0x0000000710200000|  0%| F|  |TAMS 0x0000000710000000, 0x0000000710000000| Untracked 
| 123|0x0000000710200000, 0x0000000710200000, 0x0000000710400000|  0%| F|  |TAMS 0x0000000710200000, 0x0000000710200000| Untracked 
| 124|0x0000000710400000, 0x0000000710400000, 0x0000000710600000|  0%| F|  |TAMS 0x0000000710400000, 0x0000000710400000| Untracked 
| 125|0x0000000710600000, 0x0000000710752758, 0x0000000710800000| 66%| E|  |TAMS 0x0000000710600000, 0x0000000710600000| Complete 
| 126|0x0000000710800000, 0x0000000710a00000, 0x0000000710a00000|100%| E|CS|TAMS 0x0000000710800000, 0x0000000710800000| Complete 
| 127|0x0000000710a00000, 0x0000000710c00000, 0x0000000710c00000|100%| E|CS|TAMS 0x0000000710a00000, 0x0000000710a00000| Complete 

Card table byte_map: [0x000001f9c7750000,0x000001f9c7f50000] _byte_map_base: 0x000001f9c3f4a000

Marking Bits (Prev, Next): (CMBitMap*) 0x000001f9b4394c60, (CMBitMap*) 0x000001f9b4394ca0
 Prev Bits: [0x000001f9c8750000, 0x000001f9cc720000)
 Next Bits: [0x000001f9cc720000, 0x000001f9d06f0000)

Polling page: 0x000001f9b2200000

Metaspace:

Usage:
  Non-class:      9.81 MB used.
      Class:      1.11 MB used.
       Both:     10.92 MB used.

Virtual space:
  Non-class space:       16.00 MB reserved,       9.88 MB ( 62%) committed,  2 nodes.
      Class space:        1.00 GB reserved,       1.25 MB ( <1%) committed,  1 nodes.
             Both:        1.02 GB reserved,      11.12 MB (  1%) committed. 

Chunk freelists:
   Non-Class:  2.10 MB
       Class:  2.75 MB
        Both:  4.84 MB

MaxMetaspaceSize: unlimited
CompressedClassSpaceSize: 1.00 GB
Initial GC threshold: 21.00 MB
Current GC threshold: 21.00 MB
CDS: off
MetaspaceReclaimPolicy: balanced
 - commit_granule_bytes: 65536.
 - commit_granule_words: 8192.
 - virtual_space_node_default_size: 1048576.
 - enlarge_chunks_in_place: 1.
 - new_chunks_are_fully_committed: 0.
 - uncommit_free_chunks: 1.
 - use_allocation_guard: 0.
 - handle_deallocations: 1.


Internal statistics:

num_allocs_failed_limit: 0.
num_arena_births: 90.
num_arena_deaths: 0.
num_vsnodes_births: 3.
num_vsnodes_deaths: 0.
num_space_committed: 178.
num_space_uncommitted: 0.
num_chunks_returned_to_freelist: 0.
num_chunks_taken_from_freelist: 130.
num_chunk_merges: 0.
num_chunk_splits: 75.
num_chunks_enlarged: 43.
num_purges: 0.
num_inconsistent_stats: 0.

CodeHeap 'non-profiled nmethods': size=120000Kb used=133Kb max_used=133Kb free=119866Kb
 bounds [0x000001f9bf4d0000, 0x000001f9bf740000, 0x000001f9c6a00000]
CodeHeap 'profiled nmethods': size=120000Kb used=718Kb max_used=718Kb free=119281Kb
 bounds [0x000001f9b7fa0000, 0x000001f9b8210000, 0x000001f9bf4d0000]
CodeHeap 'non-nmethods': size=5760Kb used=1179Kb max_used=1192Kb free=4580Kb
 bounds [0x000001f9b7a00000, 0x000001f9b7c70000, 0x000001f9b7fa0000]
 total_blobs=974 nmethods=495 adapters=392
 compilation: enabled
              stopped_count=0, restarted_count=0
 full_count=0

Compilation events (20 events):
Event: 0.328 Thread 0x000001f9d3c98bc0  485       3       java.lang.invoke.Invokers$Holder::linkToTargetMethod (9 bytes)
Event: 0.328 Thread 0x000001f9d3c98bc0 nmethod 485 0x000001f9b804e490 code [0x000001f9b804e640, 0x000001f9b804e998]
Event: 0.328 Thread 0x000001f9d3c98bc0  486   !   3       javax.swing.UIDefaults::getFromResourceBundle (69 bytes)
Event: 0.328 Thread 0x000001f9d3c98bc0 nmethod 486 0x000001f9b804ea90 code [0x000001f9b804ec80, 0x000001f9b804f398]
Event: 0.328 Thread 0x000001f9d3c98bc0  488       3       sun.awt.AWTAccessor::getComponentAccessor (15 bytes)
Event: 0.328 Thread 0x000001f9d3c98bc0 nmethod 488 0x000001f9b804f590 code [0x000001f9b804f780, 0x000001f9b804fb28]
Event: 0.328 Thread 0x000001f9d3c98bc0  492       3       sun.awt.SunToolkit::isInstanceOf (71 bytes)
Event: 0.329 Thread 0x000001f9d3c98bc0 nmethod 492 0x000001f9b804fd10 code [0x000001f9b804ff60, 0x000001f9b80505c8]
Event: 0.329 Thread 0x000001f9d3c98bc0  489       3       sun.awt.SunToolkit::targetToAppContext (30 bytes)
Event: 0.329 Thread 0x000001f9d3c98bc0 nmethod 489 0x000001f9b8050890 code [0x000001f9b8050a60, 0x000001f9b8050f78]
Event: 0.329 Thread 0x000001f9d3c98bc0  490       3       sun.awt.SunToolkit::getAppContext (42 bytes)
Event: 0.329 Thread 0x000001f9d3c98bc0 nmethod 490 0x000001f9b8051190 code [0x000001f9b8051440, 0x000001f9b8052268]
Event: 0.329 Thread 0x000001f9d3c98bc0  491       3       java.awt.Component$1::getAppContext (5 bytes)
Event: 0.329 Thread 0x000001f9d3c98bc0 nmethod 491 0x000001f9b8052710 code [0x000001f9b80528a0, 0x000001f9b80529b8]
Event: 0.329 Thread 0x000001f9d3c98bc0  493       3       jdk.internal.logger.SimpleConsoleLogger::isLoggable (29 bytes)
Event: 0.329 Thread 0x000001f9d3c98bc0 nmethod 493 0x000001f9b8052a90 code [0x000001f9b8052c40, 0x000001f9b8052fa8]
Event: 0.329 Thread 0x000001f9d3c98bc0  487       1       java.awt.Component::getParent_NoClientCode (5 bytes)
Event: 0.329 Thread 0x000001f9d3c98bc0 nmethod 487 0x000001f9bf4f1410 code [0x000001f9bf4f15a0, 0x000001f9bf4f1678]
Event: 0.329 Thread 0x000001f9d3c98bc0  495       3       java.lang.invoke.LambdaForm$NamedFunction::returnType (11 bytes)
Event: 0.329 Thread 0x000001f9d3c98bc0 nmethod 495 0x000001f9b8053110 code [0x000001f9b8053300, 0x000001f9b8053788]

GC Heap History (0 events):
No events

Deoptimization events (0 events):
No events

Classes unloaded (0 events):
No events

Classes redefined (0 events):
No events

Internal exceptions (12 events):
Event: 0.099 Thread 0x000001f9b4345590 Exception <a 'java/lang/ClassNotFoundException'{0x0000000710b9cd28}: sun/awt/resources/spi/awtProvider> (0x0000000710b9cd28) 
thrown [e:\jenkins\tmp\workspace\build\src\src\hotspot\share\classfile\systemDictionary.cpp, line 256]
Event: 0.118 Thread 0x000001f9b4345590 Exception <a 'java/io/FileNotFoundException'{0x0000000710bf7608}> (0x0000000710bf7608) 
thrown [e:\jenkins\tmp\workspace\build\src\src\hotspot\share\prims\jni.cpp, line 516]
Event: 0.123 Thread 0x000001f9b4345590 Exception <a 'java/io/FileNotFoundException'{0x0000000710824a38}> (0x0000000710824a38) 
thrown [e:\jenkins\tmp\workspace\build\src\src\hotspot\share\prims\jni.cpp, line 516]
Event: 0.155 Thread 0x000001f9b4345590 Exception <a 'java/lang/NoSuchMethodError'{0x0000000710875e78}: 'java.lang.Object java.lang.invoke.DirectMethodHandle$Holder.invokeStaticInit(java.lang.Object)'> (0x0000000710875e78) 
thrown [e:\jenkins\tmp\workspace\build\src\src\hotspot\share\interpreter\linkResolver.cpp, line 766]
Event: 0.274 Thread 0x000001f9b4345590 Exception <a 'java/lang/NoSuchMethodError'{0x00000007108c0b18}: 'void java.lang.invoke.DirectMethodHandle$Holder.invokeSpecial(java.lang.Object, java.lang.Object, java.lang.Object)'> (0x00000007108c0b18) 
thrown [e:\jenkins\tmp\workspace\build\src\src\hotspot\share\interpreter\linkResolver.cpp, line 766]
Event: 0.280 Thread 0x000001f9b4345590 Exception <a 'java/lang/NoSuchMethodError'{0x000000071095b908}: 'java.lang.Object java.lang.invoke.DirectMethodHandle$Holder.newInvokeSpecial(java.lang.Object, java.lang.Object, java.lang.Object, java.lang.Object, java.lang.Object)'> (0x000000071095b908) 
thrown [e:\jenkins\tmp\workspace\build\src\src\hotspot\share\interpreter\linkResolver.cpp, line 766]
Event: 0.281 Thread 0x000001f9b4345590 Exception <a 'java/lang/NoSuchMethodError'{0x00000007109672d0}: 'java.lang.Object java.lang.invoke.DirectMethodHandle$Holder.invokeStatic(java.lang.Object, int, java.lang.Object, java.lang.Object, java.lang.Object, java.lang.Object)'> (0x00000007109672d0) 
thrown [e:\jenkins\tmp\workspace\build\src\src\hotspot\share\interpreter\linkResolver.cpp, line 766]
Event: 0.283 Thread 0x000001f9b4345590 Exception <a 'java/lang/NoSuchMethodError'{0x000000071098ca90}: 'java.lang.Object java.lang.invoke.DirectMethodHandle$Holder.invokeStatic(java.lang.Object, int, java.lang.Object)'> (0x000000071098ca90) 
thrown [e:\jenkins\tmp\workspace\build\src\src\hotspot\share\interpreter\linkResolver.cpp, line 766]
Event: 0.299 Thread 0x000001f9b4345590 Exception <a 'java/lang/ClassNotFoundException'{0x0000000710644828}: com/sun/swing/internal/plaf/metal/resources/spi/metalProvider> (0x0000000710644828) 
thrown [e:\jenkins\tmp\workspace\build\src\src\hotspot\share\classfile\systemDictionary.cpp, line 256]
Event: 0.299 Thread 0x000001f9b4345590 Exception <a 'java/lang/ClassNotFoundException'{0x0000000710648700}: com/sun/swing/internal/plaf/basic/resources/spi/basicProvider> (0x0000000710648700) 
thrown [e:\jenkins\tmp\workspace\build\src\src\hotspot\share\classfile\systemDictionary.cpp, line 256]
Event: 0.329 Thread 0x000001f9b4345590 Exception <a 'java/lang/NoSuchMethodError'{0x000000071069c848}: 'java.lang.Object java.lang.invoke.Invokers$Holder.invokeExact_MT(java.lang.Object, java.lang.Object, java.lang.Object, java.lang.Object, java.lang.Object, java.lang.Object)'> (0x000000071069c848) 
thrown [e:\jenkins\tmp\workspace\build\src\src\hotspot\share\interpreter\linkResolver.cpp, line 766]
Event: 24.061 Thread 0x000001f9b4345590 Exception <a 'java/lang/NoSuchMethodError'{0x00000007106a7898}: Ljava/util/HashMap;.<init>(D)V> (0x00000007106a7898) 
thrown [e:\jenkins\tmp\workspace\build\src\src\hotspot\share\prims\jni.cpp, line 1107]

VM Operations (8 events):
Event: 0.298 Executing VM operation: HandshakeAllThreads
Event: 0.298 Executing VM operation: HandshakeAllThreads done
Event: 0.317 Executing VM operation: HandshakeAllThreads
Event: 0.317 Executing VM operation: HandshakeAllThreads done
Event: 0.319 Executing VM operation: HandshakeAllThreads
Event: 0.319 Executing VM operation: HandshakeAllThreads done
Event: 1.319 Executing VM operation: Cleanup
Event: 1.319 Executing VM operation: Cleanup done

Events (20 events):
Event: 0.328 loading class java/awt/event/ItemEvent
Event: 0.328 loading class java/awt/event/ItemEvent done
Event: 0.328 loading class javax/swing/plaf/metal/MetalIconFactory$RadioButtonIcon
Event: 0.328 loading class javax/swing/plaf/metal/MetalIconFactory$RadioButtonIcon done
Event: 0.329 loading class java/util/TimSort
Event: 0.330 loading class java/util/TimSort done
Event: 0.347 Loaded shared library C:\Users\Aleksa\eclipse-workspace\POOP2\src\projekat\DllPOOP2.dll
Event: 0.348 loading class java/nio/CharBuffer
Event: 0.348 loading class java/lang/Readable
Event: 0.348 loading class java/lang/Readable done
Event: 0.348 loading class java/nio/CharBuffer done
Event: 0.348 loading class java/nio/HeapCharBuffer
Event: 0.348 loading class java/nio/HeapCharBuffer done
Event: 0.348 loading class java/nio/charset/CoderResult
Event: 0.348 loading class java/nio/charset/CoderResult done
Event: 1.271 loading class sun/awt/AppContext$PostShutdownEventRunnable
Event: 1.271 loading class sun/awt/AppContext$PostShutdownEventRunnable done
Event: 1.271 loading class sun/awt/AWTAutoShutdown$1
Event: 1.271 loading class sun/awt/AWTAutoShutdown$1 done
Event: 1.271 Thread 0x000001f9d433bc70 Thread exited: 0x000001f9d433bc70


Dynamic libraries:
0x00007ff63b690000 - 0x00007ff63b69e000 	C:\Users\Aleksa\.p2\pool\plugins\org.eclipse.justj.openjdk.hotspot.jre.full.win32.x86_64_17.0.2.v20220201-1208\jre\bin\javaw.exe
0x00007ffa813f0000 - 0x00007ffa815e5000 	C:\Windows\SYSTEM32\ntdll.dll
0x00007ffa5dd50000 - 0x00007ffa5dd66000 	C:\Program Files\Avast Software\Avast\aswhook.dll
0x00007ffa80110000 - 0x00007ffa801cd000 	C:\Windows\System32\KERNEL32.DLL
0x00007ffa7ee50000 - 0x00007ffa7f11d000 	C:\Windows\System32\KERNELBASE.dll
0x00007ffa7f150000 - 0x00007ffa7f250000 	C:\Windows\System32\ucrtbase.dll
0x00007ffa744b0000 - 0x00007ffa744c8000 	C:\Users\Aleksa\.p2\pool\plugins\org.eclipse.justj.openjdk.hotspot.jre.full.win32.x86_64_17.0.2.v20220201-1208\jre\bin\jli.dll
0x00007ffa605b0000 - 0x00007ffa605c9000 	C:\Users\Aleksa\.p2\pool\plugins\org.eclipse.justj.openjdk.hotspot.jre.full.win32.x86_64_17.0.2.v20220201-1208\jre\bin\VCRUNTIME140.dll
0x00007ffa801e0000 - 0x00007ffa80380000 	C:\Windows\System32\USER32.dll
0x00007ffa7ee20000 - 0x00007ffa7ee42000 	C:\Windows\System32\win32u.dll
0x00007ffa67410000 - 0x00007ffa676aa000 	C:\Windows\WinSxS\amd64_microsoft.windows.common-controls_6595b64144ccf1df_6.0.19041.1110_none_60b5254171f9507e\COMCTL32.dll
0x00007ffa7f440000 - 0x00007ffa7f46a000 	C:\Windows\System32\GDI32.dll
0x00007ffa7ff80000 - 0x00007ffa8001e000 	C:\Windows\System32\msvcrt.dll
0x00007ffa7ebc0000 - 0x00007ffa7eccb000 	C:\Windows\System32\gdi32full.dll
0x00007ffa7ecd0000 - 0x00007ffa7ed6d000 	C:\Windows\System32\msvcp_win.dll
0x00007ffa811d0000 - 0x00007ffa81200000 	C:\Windows\System32\IMM32.DLL
0x00007ffa74af0000 - 0x00007ffa74afc000 	C:\Users\Aleksa\.p2\pool\plugins\org.eclipse.justj.openjdk.hotspot.jre.full.win32.x86_64_17.0.2.v20220201-1208\jre\bin\vcruntime140_1.dll
0x00007ffa509f0000 - 0x00007ffa50a81000 	C:\Users\Aleksa\.p2\pool\plugins\org.eclipse.justj.openjdk.hotspot.jre.full.win32.x86_64_17.0.2.v20220201-1208\jre\bin\msvcp140.dll
0x00007ffa06260000 - 0x00007ffa06ea7000 	C:\Users\Aleksa\.p2\pool\plugins\org.eclipse.justj.openjdk.hotspot.jre.full.win32.x86_64_17.0.2.v20220201-1208\jre\bin\server\jvm.dll
0x00007ffa7f470000 - 0x00007ffa7f51e000 	C:\Windows\System32\ADVAPI32.dll
0x00007ffa80380000 - 0x00007ffa8041c000 	C:\Windows\System32\sechost.dll
0x00007ffa807f0000 - 0x00007ffa80915000 	C:\Windows\System32\RPCRT4.dll
0x00007ffa801d0000 - 0x00007ffa801d8000 	C:\Windows\System32\PSAPI.DLL
0x00007ffa6ca40000 - 0x00007ffa6ca49000 	C:\Windows\SYSTEM32\WSOCK32.dll
0x00007ffa80420000 - 0x00007ffa8048b000 	C:\Windows\System32\WS2_32.dll
0x00007ffa79cb0000 - 0x00007ffa79cba000 	C:\Windows\SYSTEM32\VERSION.dll
0x00007ffa6f9f0000 - 0x00007ffa6fa17000 	C:\Windows\SYSTEM32\WINMM.dll
0x00007ffa7ca20000 - 0x00007ffa7ca32000 	C:\Windows\SYSTEM32\kernel.appcore.dll
0x00007ffa7c3a0000 - 0x00007ffa7c3aa000 	C:\Users\Aleksa\.p2\pool\plugins\org.eclipse.justj.openjdk.hotspot.jre.full.win32.x86_64_17.0.2.v20220201-1208\jre\bin\jimage.dll
0x00007ffa77cd0000 - 0x00007ffa77eb4000 	C:\Windows\SYSTEM32\DBGHELP.DLL
0x00007ffa77c30000 - 0x00007ffa77c5c000 	C:\Windows\SYSTEM32\dbgcore.DLL
0x00007ffa7f250000 - 0x00007ffa7f2d2000 	C:\Windows\System32\bcryptPrimitives.dll
0x00007ffa76820000 - 0x00007ffa76845000 	C:\Users\Aleksa\.p2\pool\plugins\org.eclipse.justj.openjdk.hotspot.jre.full.win32.x86_64_17.0.2.v20220201-1208\jre\bin\java.dll
0x00007ffa76900000 - 0x00007ffa76918000 	C:\Users\Aleksa\.p2\pool\plugins\org.eclipse.justj.openjdk.hotspot.jre.full.win32.x86_64_17.0.2.v20220201-1208\jre\bin\zip.dll
0x00007ffa80920000 - 0x00007ffa81064000 	C:\Windows\System32\SHELL32.dll
0x00007ffa7cc20000 - 0x00007ffa7d3b4000 	C:\Windows\SYSTEM32\windows.storage.dll
0x00007ffa80490000 - 0x00007ffa807e4000 	C:\Windows\System32\combase.dll
0x00007ffa7e490000 - 0x00007ffa7e4bc000 	C:\Windows\SYSTEM32\Wldp.dll
0x00007ffa7fd40000 - 0x00007ffa7fded000 	C:\Windows\System32\SHCORE.dll
0x00007ffa7f520000 - 0x00007ffa7f575000 	C:\Windows\System32\shlwapi.dll
0x00007ffa7ea40000 - 0x00007ffa7ea5f000 	C:\Windows\SYSTEM32\profapi.dll
0x00007ffa2b290000 - 0x00007ffa2b41e000 	C:\Users\Aleksa\.p2\pool\plugins\org.eclipse.justj.openjdk.hotspot.jre.full.win32.x86_64_17.0.2.v20220201-1208\jre\bin\awt.dll
0x00007ffa80030000 - 0x00007ffa800fd000 	C:\Windows\System32\OLEAUT32.dll
0x00007ffa7c420000 - 0x00007ffa7c4b0000 	C:\Windows\SYSTEM32\apphelp.dll
0x00007ffa7c840000 - 0x00007ffa7c86f000 	C:\Windows\system32\DWMAPI.DLL
0x00007ffa7c540000 - 0x00007ffa7c5de000 	C:\Windows\system32\uxtheme.dll
0x00007ffa2b020000 - 0x00007ffa2b146000 	C:\Windows\system32\opengl32.dll
0x00007ffa56e80000 - 0x00007ffa56eac000 	C:\Windows\SYSTEM32\GLU32.dll
0x00007ffa7f5e0000 - 0x00007ffa7f6f5000 	C:\Windows\System32\MSCTF.dll
0x00007ffa7fe50000 - 0x00007ffa7ff7a000 	C:\Windows\System32\ole32.dll
0x00007ffa76300000 - 0x00007ffa764cf000 	C:\Windows\system32\d3d9.dll
0x00007ffa74100000 - 0x00007ffa74202000 	C:\Windows\System32\DriverStore\FileRepository\nv_dispi.inf_amd64_1c83a5d7cffd7bff\nvldumdx.dll
0x00007ffa7e680000 - 0x00007ffa7e692000 	C:\Windows\SYSTEM32\msasn1.dll
0x00007ffa79c70000 - 0x00007ffa79ca1000 	C:\Windows\SYSTEM32\cryptnet.dll
0x00007ffa7f2e0000 - 0x00007ffa7f436000 	C:\Windows\System32\CRYPT32.dll
0x00007ffa7e400000 - 0x00007ffa7e40c000 	C:\Windows\SYSTEM32\cryptbase.dll
0x00007ffa7eb00000 - 0x00007ffa7eb68000 	C:\Windows\System32\WINTRUST.DLL
0x00007ffa81100000 - 0x00007ffa8111d000 	C:\Windows\System32\imagehlp.dll
0x00007ffa7e3e0000 - 0x00007ffa7e3f8000 	C:\Windows\SYSTEM32\CRYPTSP.dll
0x00007ffa7db70000 - 0x00007ffa7dba4000 	C:\Windows\system32\rsaenh.dll
0x00007ffa7f120000 - 0x00007ffa7f147000 	C:\Windows\System32\bcrypt.dll
0x00007ff9fb350000 - 0x00007ff9fcd6b000 	C:\Windows\System32\DriverStore\FileRepository\nv_dispi.inf_amd64_1c83a5d7cffd7bff\nvd3dumx.dll
0x00007ffa7d3d0000 - 0x00007ffa7d3f3000 	C:\Windows\SYSTEM32\gpapi.dll
0x00007ffa746c0000 - 0x00007ffa746fb000 	C:\Windows\SYSTEM32\dxcore.dll
0x00007ffa7eb70000 - 0x00007ffa7ebbe000 	C:\Windows\System32\cfgmgr32.dll
0x00007ffa56d20000 - 0x00007ffa56d45000 	C:\Users\Aleksa\eclipse-workspace\POOP2\src\projekat\DllPOOP2.dll

dbghelp: loaded successfully - version: 4.0.5 - missing functions: none
symbol engine: initialized successfully - sym options: 0x614 - pdb path: .;C:\Users\Aleksa\.p2\pool\plugins\org.eclipse.justj.openjdk.hotspot.jre.full.win32.x86_64_17.0.2.v20220201-1208\jre\bin;C:\Windows\SYSTEM32;C:\Program Files\Avast Software\Avast;C:\Windows\WinSxS\amd64_microsoft.windows.common-controls_6595b64144ccf1df_6.0.19041.1110_none_60b5254171f9507e;C:\Users\Aleksa\.p2\pool\plugins\org.eclipse.justj.openjdk.hotspot.jre.full.win32.x86_64_17.0.2.v20220201-1208\jre\bin\server;C:\Windows\System32\DriverStore\FileRepository\nv_dispi.inf_amd64_1c83a5d7cffd7bff;C:\Users\Aleksa\eclipse-workspace\POOP2\src\projekat

VM Arguments:
jvm_args: -Djava.library.path=C:\Users\Aleksa\eclipse-workspace\POOP2\src\projekat -Dfile.encoding=Cp1252 -XX:+ShowCodeDetailsInExceptionMessages 
java_command: projekat.GlavniProzor
java_class_path (initial): C:\Users\Aleksa\eclipse-workspace\POOP2\bin
Launcher Type: SUN_STANDARD

[Global flags]
     intx CICompilerCount                          = 4                                         {product} {ergonomic}
     uint ConcGCThreads                            = 3                                         {product} {ergonomic}
     uint G1ConcRefinementThreads                  = 10                                        {product} {ergonomic}
   size_t G1HeapRegionSize                         = 2097152                                   {product} {ergonomic}
    uintx GCDrainStackTargetSize                   = 64                                        {product} {ergonomic}
   size_t InitialHeapSize                          = 268435456                                 {product} {ergonomic}
   size_t MarkStackSize                            = 4194304                                   {product} {ergonomic}
   size_t MaxHeapSize                              = 4282384384                                {product} {ergonomic}
   size_t MaxNewSize                               = 2569011200                                {product} {ergonomic}
   size_t MinHeapDeltaBytes                        = 2097152                                   {product} {ergonomic}
   size_t MinHeapSize                              = 8388608                                   {product} {ergonomic}
    uintx NonNMethodCodeHeapSize                   = 5839372                                {pd product} {ergonomic}
    uintx NonProfiledCodeHeapSize                  = 122909434                              {pd product} {ergonomic}
    uintx ProfiledCodeHeapSize                     = 122909434                              {pd product} {ergonomic}
    uintx ReservedCodeCacheSize                    = 251658240                              {pd product} {ergonomic}
     bool SegmentedCodeCache                       = true                                      {product} {ergonomic}
     bool ShowCodeDetailsInExceptionMessages       = true                                   {manageable} {command line}
   size_t SoftMaxHeapSize                          = 4282384384                             {manageable} {ergonomic}
     bool UseCompressedClassPointers               = true                           {product lp64_product} {ergonomic}
     bool UseCompressedOops                        = true                           {product lp64_product} {ergonomic}
     bool UseG1GC                                  = true                                      {product} {ergonomic}
     bool UseLargePagesIndividualAllocation        = false                                  {pd product} {ergonomic}

Logging:
Log output configuration:
 #0: stdout all=warning uptime,level,tags
 #1: stderr all=off uptime,level,tags

Environment Variables:
JAVA_HOME=C:\Program Files\Eclipse Foundation\jdk-8.0.302.8-hotspot
PATH=C:/Users/Aleksa/.p2/pool/plugins/org.eclipse.justj.openjdk.hotspot.jre.full.win32.x86_64_17.0.2.v20220201-1208/jre/bin/server;C:/Users/Aleksa/.p2/pool/plugins/org.eclipse.justj.openjdk.hotspot.jre.full.win32.x86_64_17.0.2.v20220201-1208/jre/bin;C:\Program Files (x86)\VMware\VMware Player\bin\;C:\Program Files\Eclipse Foundation\jdk-8.0.302.8-hotspot\bin;C:\Program Files (x86)\Common Files\Oracle\Java\javapath;C:\Windows\system32;C:\Windows;C:\Windows\System32\Wbem;C:\Windows\System32\WindowsPowerShell\v1.0\;C:\Windows\System32\OpenSSH\;C:\Program Files\Microsoft SQL Server\130\Tools\Binn\;C:\Program Files\Microsoft SQL Server\Client SDK\ODBC\170\Tools\Binn\;C:\Program Files\Git\cmd;C:\Program Files\Microsoft\Web Platform Installer\;C:\Program Files\Microsoft Service Fabric\bin\Fabric\Fabric.Code;C:\Program Files\dotnet\;C:\Program Files\CMake\bin;C:\Users\Aleksa\Desktop\cocos2d-x-4.0\templates;C:\Users\Aleksa\Desktop\cocos2d-x-4.0\tools\cocos2d-console\bin;C:\Users\Aleksa\AppData\Local\Microsoft\WindowsApps;C:\Program Files (x86)\sleuthkit-4.10.2-win32\bin;C:\Program Files\JetBrains\CLion 2021.2.1\bin;;C:\Users\Aleksa\.dotnet\tools;C:\Python27;;C:\Windows\System32;
USERNAME=Aleksa
OS=Windows_NT
PROCESSOR_IDENTIFIER=AMD64 Family 23 Model 113 Stepping 0, AuthenticAMD



---------------  S Y S T E M  ---------------

OS:
 Windows 10 , 64 bit Build 19041 (10.0.19041.1706)
OS uptime: 4 days 8:07 hours

CPU: total 12 (initial active 12) (12 cores per cpu, 2 threads per core) family 23 model 113 stepping 0 microcode 0x0, cx8, cmov, fxsr, ht, mmx, 3dnowpref, sse, sse2, sse3, ssse3, sse4a, sse4.1, sse4.2, popcnt, lzcnt, tsc, tscinvbit, avx, avx2, aes, clmul, bmi1, bmi2, adx, sha, fma, vzeroupper, clflush, clflushopt

Memory: 4k page, system-wide physical 16332M (8510M free)
TotalPageFile size 18764M (AvailPageFile size 5253M)
current process WorkingSet (physical memory assigned to process): 98M, peak: 98M
current process commit charge ("private bytes"): 400M, peak: 400M

vm_info: OpenJDK 64-Bit Server VM (17.0.2+8) for windows-amd64 JRE (17.0.2+8), built on Jan 20 2022 04:52:34 by "" with MS VC++ 16.7 (VS2019)

END.
